#
# There is insufficient memory for the Java Runtime Environment to continue.
# Native memory allocation (malloc) failed to allocate 339536 bytes for Chunk::new
# Possible reasons:
#   The system is out of physical RAM or swap space
#   The process is running with CompressedOops enabled, and the Java Heap may be blocking the growth of the native heap
# Possible solutions:
#   Reduce memory load on the system
#   Increase physical memory or swap space
#   Check if swap backing store is full
#   Decrease Java heap size (-Xmx/-Xms)
#   Decrease number of Java threads
#   Decrease Java thread stack sizes (-Xss)
#   Set larger code cache with -XX:ReservedCodeCacheSize=
#   JVM is running with Zero Based Compressed Oops mode in which the Java heap is
#     placed in the first 32GB address space. The Java Heap base address is the
#     maximum limit for the native heap growth. Please use -XX:HeapBaseMinAddress
#     to set the Java Heap base and to place the Java Heap above 32GB virtual address.
# This output file may be truncated or incomplete.
#
#  Out of Memory Error (src/hotspot/share/memory/arena.cpp:197), pid=5092, tid=1148
#
# JRE version: OpenJDK Runtime Environment (11.0.15) (build 11.0.15+0-b2043.56-9505619)
# Java VM: OpenJDK 64-Bit Server VM (11.0.15+0-b2043.56-9505619, mixed mode, tiered, compressed oops, g1 gc, windows-amd64)
# No core dump will be written. Minidumps are not enabled by default on client versions of Windows
#

---------------  S U M M A R Y ------------

Command Line: org.jetbrains.kotlin.cli.jvm.K2JVMCompiler @C:\Users\Poklip\AndroidStudioProjects\WInfo\app\build\20230301_483606869370344747.compiler.options

Host: AMD Ryzen 5 3500X 6-Core Processor             , 6 cores, 15G,  Windows 10 , 64 bit Build 18362 (10.0.18362.1500)
Time: Wed Mar  1 21:22:29 2023 Russia TZ 2 Standard Time elapsed time: 1.048366 seconds (0d 0h 0m 1s)

---------------  T H R E A D  ---------------

Current thread (0x00000206a5a8e800):  JavaThread "C2 CompilerThread1" daemon [_thread_in_native, id=1148, stack(0x0000007ab2c00000,0x0000007ab2d00000)]


Current CompileTask:
C2:   1048 1675 % !   4       java.util.concurrent.ConcurrentHashMap::transfer @ 96 (828 bytes)

Stack: [0x0000007ab2c00000,0x0000007ab2d00000]
Native frames: (J=compiled Java code, j=interpreted, Vv=VM code, C=native code)
V  [jvm.dll+0x64135a]
V  [jvm.dll+0x7d39f9]
V  [jvm.dll+0x7d51b9]
V  [jvm.dll+0x7d58a3]
V  [jvm.dll+0x2691c5]
V  [jvm.dll+0xc1a5c]
V  [jvm.dll+0xc200c]
V  [jvm.dll+0x3774a7]
V  [jvm.dll+0x342495]
V  [jvm.dll+0x34186a]
V  [jvm.dll+0x2214bd]
V  [jvm.dll+0x220498]
V  [jvm.dll+0x19e851]
V  [jvm.dll+0x230479]
V  [jvm.dll+0x22e5ef]
V  [jvm.dll+0x794de1]
V  [jvm.dll+0x78dc24]
V  [jvm.dll+0x6400f6]
C  [ucrtbase.dll+0x210b2]
C  [KERNEL32.DLL+0x17c24]
C  [ntdll.dll+0x6d721]


---------------  P R O C E S S  ---------------

Threads class SMR info:
_java_thread_list=0x00000206a5a8a920, length=11, elements={
0x0000020686306800, 0x00000206a5015000, 0x00000206a5018000, 0x00000206a58e2000,
0x00000206a58e3000, 0x00000206a58e4800, 0x00000206a58e8000, 0x00000206a592f800,
0x00000206a5937000, 0x00000206a5a93000, 0x00000206a5a8e800
}

Java Threads: ( => current thread )
  0x0000020686306800 JavaThread "main" [_thread_in_native, id=7424, stack(0x0000007ab1b00000,0x0000007ab1c00000)]
  0x00000206a5015000 JavaThread "Reference Handler" daemon [_thread_blocked, id=6216, stack(0x0000007ab2200000,0x0000007ab2300000)]
  0x00000206a5018000 JavaThread "Finalizer" daemon [_thread_blocked, id=14556, stack(0x0000007ab2300000,0x0000007ab2400000)]
  0x00000206a58e2000 JavaThread "Signal Dispatcher" daemon [_thread_blocked, id=2020, stack(0x0000007ab2400000,0x0000007ab2500000)]
  0x00000206a58e3000 JavaThread "Attach Listener" daemon [_thread_blocked, id=13560, stack(0x0000007ab2500000,0x0000007ab2600000)]
  0x00000206a58e4800 JavaThread "Service Thread" daemon [_thread_blocked, id=15160, stack(0x0000007ab2600000,0x0000007ab2700000)]
  0x00000206a58e8000 JavaThread "C2 CompilerThread0" daemon [_thread_blocked, id=2188, stack(0x0000007ab2700000,0x0000007ab2800000)]
  0x00000206a592f800 JavaThread "C1 CompilerThread0" daemon [_thread_blocked, id=10196, stack(0x0000007ab2800000,0x0000007ab2900000)]
  0x00000206a5937000 JavaThread "Sweeper thread" daemon [_thread_blocked, id=14920, stack(0x0000007ab2900000,0x0000007ab2a00000)]
  0x00000206a5a93000 JavaThread "Common-Cleaner" daemon [_thread_blocked, id=7252, stack(0x0000007ab2b00000,0x0000007ab2c00000)]
=>0x00000206a5a8e800 JavaThread "C2 CompilerThread1" daemon [_thread_in_native, id=1148, stack(0x0000007ab2c00000,0x0000007ab2d00000)]

Other Threads:
  0x00000206a58d6000 VMThread "VM Thread" [stack: 0x0000007ab2100000,0x0000007ab2200000] [id=15064]
  0x00000206a5a70000 WatcherThread [stack: 0x0000007ab2a00000,0x0000007ab2b00000] [id=7744]
  0x000002068631f800 GCTaskThread "GC Thread#0" [stack: 0x0000007ab1c00000,0x0000007ab1d00000] [id=7016]
  0x00000206a60d6800 GCTaskThread "GC Thread#1" [stack: 0x0000007ab2d00000,0x0000007ab2e00000] [id=968]
  0x00000206a6078000 GCTaskThread "GC Thread#2" [stack: 0x0000007ab2e00000,0x0000007ab2f00000] [id=6632]
  0x00000206a6143800 GCTaskThread "GC Thread#3" [stack: 0x0000007ab2f00000,0x0000007ab3000000] [id=8372]
  0x00000206a6144800 GCTaskThread "GC Thread#4" [stack: 0x0000007ab3000000,0x0000007ab3100000] [id=6348]
  0x00000206a60e1000 GCTaskThread "GC Thread#5" [stack: 0x0000007ab3100000,0x0000007ab3200000] [id=6108]
  0x000002068637e800 ConcurrentGCThread "G1 Main Marker" [stack: 0x0000007ab1d00000,0x0000007ab1e00000] [id=7824]
  0x0000020686381000 ConcurrentGCThread "G1 Conc#0" [stack: 0x0000007ab1e00000,0x0000007ab1f00000] [id=2652]
  0x00000206a60e2000 ConcurrentGCThread "G1 Conc#1" [stack: 0x0000007ab3200000,0x0000007ab3300000] [id=8600]
  0x00000206a4f04000 ConcurrentGCThread "G1 Refine#0" [stack: 0x0000007ab1f00000,0x0000007ab2000000] [id=14108]
  0x00000206a4f04800 ConcurrentGCThread "G1 Young RemSet Sampling" [stack: 0x0000007ab2000000,0x0000007ab2100000] [id=2268]

Threads with active compile tasks:
C2 CompilerThread1     1055 1675 % !   4       java.util.concurrent.ConcurrentHashMap::transfer @ 96 (828 bytes)

VM state:not at safepoint (normal execution)

VM Mutex/Monitor currently owned by a thread: None

Heap address: 0x0000000701000000, size: 4080 MB, Compressed Oops mode: Zero based, Oop shift amount: 3
Narrow klass base: 0x0000000800000000, Narrow klass shift: 0
Compressed class space size: 1073741824 Address: 0x0000000800000000

Heap:
 garbage-first heap   total 262144K, used 11504K [0x0000000701000000, 0x0000000800000000)
  region size 1024K, 9 young (9216K), 7 survivors (7168K)
 Metaspace       used 17914K, capacity 18085K, committed 18304K, reserved 1073152K
  class space    used 1779K, capacity 1863K, committed 1920K, reserved 1048576K
Heap Regions: E=young(eden), S=young(survivor), O=old, HS=humongous(starts), HC=humongous(continues), CS=collection set, F=free, A=archive, TAMS=top-at-mark-start (previous, next)
|   0|0x0000000701000000, 0x0000000701100000, 0x0000000701100000|100%|HS|  |TAMS 0x0000000701100000, 0x0000000701000000| Complete 
|   1|0x0000000701100000, 0x0000000701200000, 0x0000000701200000|100%|HC|  |TAMS 0x0000000701200000, 0x0000000701100000| Complete 
|   2|0x0000000701200000, 0x0000000701300000, 0x0000000701300000|100%|HC|  |TAMS 0x0000000701300000, 0x0000000701200000| Complete 
|   3|0x0000000701300000, 0x0000000701400000, 0x0000000701400000|100%|HC|  |TAMS 0x0000000701400000, 0x0000000701300000| Complete 
|   4|0x0000000701400000, 0x0000000701400000, 0x0000000701500000|  0%| F|  |TAMS 0x0000000701400000, 0x0000000701400000| Untracked 
|   5|0x0000000701500000, 0x0000000701500000, 0x0000000701600000|  0%| F|  |TAMS 0x0000000701500000, 0x0000000701500000| Untracked 
|   6|0x0000000701600000, 0x0000000701600000, 0x0000000701700000|  0%| F|  |TAMS 0x0000000701600000, 0x0000000701600000| Untracked 
|   7|0x0000000701700000, 0x0000000701700000, 0x0000000701800000|  0%| F|  |TAMS 0x0000000701700000, 0x0000000701700000| Untracked 
|   8|0x0000000701800000, 0x0000000701800000, 0x0000000701900000|  0%| F|  |TAMS 0x0000000701800000, 0x0000000701800000| Untracked 
|   9|0x0000000701900000, 0x0000000701900000, 0x0000000701a00000|  0%| F|  |TAMS 0x0000000701900000, 0x0000000701900000| Untracked 
|  10|0x0000000701a00000, 0x0000000701a00000, 0x0000000701b00000|  0%| F|  |TAMS 0x0000000701a00000, 0x0000000701a00000| Untracked 
|  11|0x0000000701b00000, 0x0000000701b00000, 0x0000000701c00000|  0%| F|  |TAMS 0x0000000701b00000, 0x0000000701b00000| Untracked 
|  12|0x0000000701c00000, 0x0000000701c00000, 0x0000000701d00000|  0%| F|  |TAMS 0x0000000701c00000, 0x0000000701c00000| Untracked 
|  13|0x0000000701d00000, 0x0000000701d00000, 0x0000000701e00000|  0%| F|  |TAMS 0x0000000701d00000, 0x0000000701d00000| Untracked 
|  14|0x0000000701e00000, 0x0000000701e00000, 0x0000000701f00000|  0%| F|  |TAMS 0x0000000701e00000, 0x0000000701e00000| Untracked 
|  15|0x0000000701f00000, 0x0000000701f00000, 0x0000000702000000|  0%| F|  |TAMS 0x0000000701f00000, 0x0000000701f00000| Untracked 
|  16|0x0000000702000000, 0x0000000702000000, 0x0000000702100000|  0%| F|  |TAMS 0x0000000702000000, 0x0000000702000000| Untracked 
|  17|0x0000000702100000, 0x0000000702100000, 0x0000000702200000|  0%| F|  |TAMS 0x0000000702100000, 0x0000000702100000| Untracked 
|  18|0x0000000702200000, 0x0000000702200000, 0x0000000702300000|  0%| F|  |TAMS 0x0000000702200000, 0x0000000702200000| Untracked 
|  19|0x0000000702300000, 0x0000000702300000, 0x0000000702400000|  0%| F|  |TAMS 0x0000000702300000, 0x0000000702300000| Untracked 
|  20|0x0000000702400000, 0x0000000702400000, 0x0000000702500000|  0%| F|  |TAMS 0x0000000702400000, 0x0000000702400000| Untracked 
|  21|0x0000000702500000, 0x0000000702500000, 0x0000000702600000|  0%| F|  |TAMS 0x0000000702500000, 0x0000000702500000| Untracked 
|  22|0x0000000702600000, 0x0000000702600000, 0x0000000702700000|  0%| F|  |TAMS 0x0000000702600000, 0x0000000702600000| Untracked 
|  23|0x0000000702700000, 0x0000000702700000, 0x0000000702800000|  0%| F|  |TAMS 0x0000000702700000, 0x0000000702700000| Untracked 
|  24|0x0000000702800000, 0x0000000702800000, 0x0000000702900000|  0%| F|  |TAMS 0x0000000702800000, 0x0000000702800000| Untracked 
|  25|0x0000000702900000, 0x0000000702900000, 0x0000000702a00000|  0%| F|  |TAMS 0x0000000702900000, 0x0000000702900000| Untracked 
|  26|0x0000000702a00000, 0x0000000702a00000, 0x0000000702b00000|  0%| F|  |TAMS 0x0000000702a00000, 0x0000000702a00000| Untracked 
|  27|0x0000000702b00000, 0x0000000702b00000, 0x0000000702c00000|  0%| F|  |TAMS 0x0000000702b00000, 0x0000000702b00000| Untracked 
|  28|0x0000000702c00000, 0x0000000702c00000, 0x0000000702d00000|  0%| F|  |TAMS 0x0000000702c00000, 0x0000000702c00000| Untracked 
|  29|0x0000000702d00000, 0x0000000702d00000, 0x0000000702e00000|  0%| F|  |TAMS 0x0000000702d00000, 0x0000000702d00000| Untracked 
|  30|0x0000000702e00000, 0x0000000702e00000, 0x0000000702f00000|  0%| F|  |TAMS 0x0000000702e00000, 0x0000000702e00000| Untracked 
|  31|0x0000000702f00000, 0x0000000702f00000, 0x0000000703000000|  0%| F|  |TAMS 0x0000000702f00000, 0x0000000702f00000| Untracked 
|  32|0x0000000703000000, 0x0000000703000000, 0x0000000703100000|  0%| F|  |TAMS 0x0000000703000000, 0x0000000703000000| Untracked 
|  33|0x0000000703100000, 0x0000000703100000, 0x0000000703200000|  0%| F|  |TAMS 0x0000000703100000, 0x0000000703100000| Untracked 
|  34|0x0000000703200000, 0x0000000703200000, 0x0000000703300000|  0%| F|  |TAMS 0x0000000703200000, 0x0000000703200000| Untracked 
|  35|0x0000000703300000, 0x0000000703300000, 0x0000000703400000|  0%| F|  |TAMS 0x0000000703300000, 0x0000000703300000| Untracked 
|  36|0x0000000703400000, 0x0000000703400000, 0x0000000703500000|  0%| F|  |TAMS 0x0000000703400000, 0x0000000703400000| Untracked 
|  37|0x0000000703500000, 0x0000000703500000, 0x0000000703600000|  0%| F|  |TAMS 0x0000000703500000, 0x0000000703500000| Untracked 
|  38|0x0000000703600000, 0x0000000703600000, 0x0000000703700000|  0%| F|  |TAMS 0x0000000703600000, 0x0000000703600000| Untracked 
|  39|0x0000000703700000, 0x0000000703700000, 0x0000000703800000|  0%| F|  |TAMS 0x0000000703700000, 0x0000000703700000| Untracked 
|  40|0x0000000703800000, 0x0000000703800000, 0x0000000703900000|  0%| F|  |TAMS 0x0000000703800000, 0x0000000703800000| Untracked 
|  41|0x0000000703900000, 0x0000000703900000, 0x0000000703a00000|  0%| F|  |TAMS 0x0000000703900000, 0x0000000703900000| Untracked 
|  42|0x0000000703a00000, 0x0000000703a00000, 0x0000000703b00000|  0%| F|  |TAMS 0x0000000703a00000, 0x0000000703a00000| Untracked 
|  43|0x0000000703b00000, 0x0000000703b00000, 0x0000000703c00000|  0%| F|  |TAMS 0x0000000703b00000, 0x0000000703b00000| Untracked 
|  44|0x0000000703c00000, 0x0000000703c00000, 0x0000000703d00000|  0%| F|  |TAMS 0x0000000703c00000, 0x0000000703c00000| Untracked 
|  45|0x0000000703d00000, 0x0000000703d00000, 0x0000000703e00000|  0%| F|  |TAMS 0x0000000703d00000, 0x0000000703d00000| Untracked 
|  46|0x0000000703e00000, 0x0000000703e00000, 0x0000000703f00000|  0%| F|  |TAMS 0x0000000703e00000, 0x0000000703e00000| Untracked 
|  47|0x0000000703f00000, 0x0000000703f00000, 0x0000000704000000|  0%| F|  |TAMS 0x0000000703f00000, 0x0000000703f00000| Untracked 
|  48|0x0000000704000000, 0x0000000704000000, 0x0000000704100000|  0%| F|  |TAMS 0x0000000704000000, 0x0000000704000000| Untracked 
|  49|0x0000000704100000, 0x0000000704100000, 0x0000000704200000|  0%| F|  |TAMS 0x0000000704100000, 0x0000000704100000| Untracked 
|  50|0x0000000704200000, 0x0000000704200000, 0x0000000704300000|  0%| F|  |TAMS 0x0000000704200000, 0x0000000704200000| Untracked 
|  51|0x0000000704300000, 0x0000000704300000, 0x0000000704400000|  0%| F|  |TAMS 0x0000000704300000, 0x0000000704300000| Untracked 
|  52|0x0000000704400000, 0x0000000704400000, 0x0000000704500000|  0%| F|  |TAMS 0x0000000704400000, 0x0000000704400000| Untracked 
|  53|0x0000000704500000, 0x0000000704500000, 0x0000000704600000|  0%| F|  |TAMS 0x0000000704500000, 0x0000000704500000| Untracked 
|  54|0x0000000704600000, 0x0000000704600000, 0x0000000704700000|  0%| F|  |TAMS 0x0000000704600000, 0x0000000704600000| Untracked 
|  55|0x0000000704700000, 0x0000000704700000, 0x0000000704800000|  0%| F|  |TAMS 0x0000000704700000, 0x0000000704700000| Untracked 
|  56|0x0000000704800000, 0x0000000704800000, 0x0000000704900000|  0%| F|  |TAMS 0x0000000704800000, 0x0000000704800000| Untracked 
|  57|0x0000000704900000, 0x0000000704900000, 0x0000000704a00000|  0%| F|  |TAMS 0x0000000704900000, 0x0000000704900000| Untracked 
|  58|0x0000000704a00000, 0x0000000704a00000, 0x0000000704b00000|  0%| F|  |TAMS 0x0000000704a00000, 0x0000000704a00000| Untracked 
|  59|0x0000000704b00000, 0x0000000704b00000, 0x0000000704c00000|  0%| F|  |TAMS 0x0000000704b00000, 0x0000000704b00000| Untracked 
|  60|0x0000000704c00000, 0x0000000704c00000, 0x0000000704d00000|  0%| F|  |TAMS 0x0000000704c00000, 0x0000000704c00000| Untracked 
|  61|0x0000000704d00000, 0x0000000704d00000, 0x0000000704e00000|  0%| F|  |TAMS 0x0000000704d00000, 0x0000000704d00000| Untracked 
|  62|0x0000000704e00000, 0x0000000704e00000, 0x0000000704f00000|  0%| F|  |TAMS 0x0000000704e00000, 0x0000000704e00000| Untracked 
|  63|0x0000000704f00000, 0x0000000704f00000, 0x0000000705000000|  0%| F|  |TAMS 0x0000000704f00000, 0x0000000704f00000| Untracked 
|  64|0x0000000705000000, 0x0000000705000000, 0x0000000705100000|  0%| F|  |TAMS 0x0000000705000000, 0x0000000705000000| Untracked 
|  65|0x0000000705100000, 0x0000000705100000, 0x0000000705200000|  0%| F|  |TAMS 0x0000000705100000, 0x0000000705100000| Untracked 
|  66|0x0000000705200000, 0x0000000705200000, 0x0000000705300000|  0%| F|  |TAMS 0x0000000705200000, 0x0000000705200000| Untracked 
|  67|0x0000000705300000, 0x0000000705300000, 0x0000000705400000|  0%| F|  |TAMS 0x0000000705300000, 0x0000000705300000| Untracked 
|  68|0x0000000705400000, 0x0000000705400000, 0x0000000705500000|  0%| F|  |TAMS 0x0000000705400000, 0x0000000705400000| Untracked 
|  69|0x0000000705500000, 0x0000000705500000, 0x0000000705600000|  0%| F|  |TAMS 0x0000000705500000, 0x0000000705500000| Untracked 
|  70|0x0000000705600000, 0x0000000705600000, 0x0000000705700000|  0%| F|  |TAMS 0x0000000705600000, 0x0000000705600000| Untracked 
|  71|0x0000000705700000, 0x0000000705700000, 0x0000000705800000|  0%| F|  |TAMS 0x0000000705700000, 0x0000000705700000| Untracked 
|  72|0x0000000705800000, 0x0000000705800000, 0x0000000705900000|  0%| F|  |TAMS 0x0000000705800000, 0x0000000705800000| Untracked 
|  73|0x0000000705900000, 0x0000000705900000, 0x0000000705a00000|  0%| F|  |TAMS 0x0000000705900000, 0x0000000705900000| Untracked 
|  74|0x0000000705a00000, 0x0000000705a00000, 0x0000000705b00000|  0%| F|  |TAMS 0x0000000705a00000, 0x0000000705a00000| Untracked 
|  75|0x0000000705b00000, 0x0000000705b00000, 0x0000000705c00000|  0%| F|  |TAMS 0x0000000705b00000, 0x0000000705b00000| Untracked 
|  76|0x0000000705c00000, 0x0000000705c00000, 0x0000000705d00000|  0%| F|  |TAMS 0x0000000705c00000, 0x0000000705c00000| Untracked 
|  77|0x0000000705d00000, 0x0000000705d00000, 0x0000000705e00000|  0%| F|  |TAMS 0x0000000705d00000, 0x0000000705d00000| Untracked 
|  78|0x0000000705e00000, 0x0000000705e00000, 0x0000000705f00000|  0%| F|  |TAMS 0x0000000705e00000, 0x0000000705e00000| Untracked 
|  79|0x0000000705f00000, 0x0000000705f00000, 0x0000000706000000|  0%| F|  |TAMS 0x0000000705f00000, 0x0000000705f00000| Untracked 
|  80|0x0000000706000000, 0x0000000706000000, 0x0000000706100000|  0%| F|  |TAMS 0x0000000706000000, 0x0000000706000000| Untracked 
|  81|0x0000000706100000, 0x0000000706100000, 0x0000000706200000|  0%| F|  |TAMS 0x0000000706100000, 0x0000000706100000| Untracked 
|  82|0x0000000706200000, 0x0000000706200000, 0x0000000706300000|  0%| F|  |TAMS 0x0000000706200000, 0x0000000706200000| Untracked 
|  83|0x0000000706300000, 0x0000000706300000, 0x0000000706400000|  0%| F|  |TAMS 0x0000000706300000, 0x0000000706300000| Untracked 
|  84|0x0000000706400000, 0x0000000706400000, 0x0000000706500000|  0%| F|  |TAMS 0x0000000706400000, 0x0000000706400000| Untracked 
|  85|0x0000000706500000, 0x0000000706500000, 0x0000000706600000|  0%| F|  |TAMS 0x0000000706500000, 0x0000000706500000| Untracked 
|  86|0x0000000706600000, 0x0000000706600000, 0x0000000706700000|  0%| F|  |TAMS 0x0000000706600000, 0x0000000706600000| Untracked 
|  87|0x0000000706700000, 0x0000000706700000, 0x0000000706800000|  0%| F|  |TAMS 0x0000000706700000, 0x0000000706700000| Untracked 
|  88|0x0000000706800000, 0x0000000706800000, 0x0000000706900000|  0%| F|  |TAMS 0x0000000706800000, 0x0000000706800000| Untracked 
|  89|0x0000000706900000, 0x0000000706900000, 0x0000000706a00000|  0%| F|  |TAMS 0x0000000706900000, 0x0000000706900000| Untracked 
|  90|0x0000000706a00000, 0x0000000706a00000, 0x0000000706b00000|  0%| F|  |TAMS 0x0000000706a00000, 0x0000000706a00000| Untracked 
|  91|0x0000000706b00000, 0x0000000706b00000, 0x0000000706c00000|  0%| F|  |TAMS 0x0000000706b00000, 0x0000000706b00000| Untracked 
|  92|0x0000000706c00000, 0x0000000706c00000, 0x0000000706d00000|  0%| F|  |TAMS 0x0000000706c00000, 0x0000000706c00000| Untracked 
|  93|0x0000000706d00000, 0x0000000706d00000, 0x0000000706e00000|  0%| F|  |TAMS 0x0000000706d00000, 0x0000000706d00000| Untracked 
|  94|0x0000000706e00000, 0x0000000706e00000, 0x0000000706f00000|  0%| F|  |TAMS 0x0000000706e00000, 0x0000000706e00000| Untracked 
|  95|0x0000000706f00000, 0x0000000706f00000, 0x0000000707000000|  0%| F|  |TAMS 0x0000000706f00000, 0x0000000706f00000| Untracked 
|  96|0x0000000707000000, 0x0000000707000000, 0x0000000707100000|  0%| F|  |TAMS 0x0000000707000000, 0x0000000707000000| Untracked 
|  97|0x0000000707100000, 0x0000000707100000, 0x0000000707200000|  0%| F|  |TAMS 0x0000000707100000, 0x0000000707100000| Untracked 
|  98|0x0000000707200000, 0x0000000707200000, 0x0000000707300000|  0%| F|  |TAMS 0x0000000707200000, 0x0000000707200000| Untracked 
|  99|0x0000000707300000, 0x0000000707300000, 0x0000000707400000|  0%| F|  |TAMS 0x0000000707300000, 0x0000000707300000| Untracked 
| 100|0x0000000707400000, 0x0000000707400000, 0x0000000707500000|  0%| F|  |TAMS 0x0000000707400000, 0x0000000707400000| Untracked 
| 101|0x0000000707500000, 0x0000000707500000, 0x0000000707600000|  0%| F|  |TAMS 0x0000000707500000, 0x0000000707500000| Untracked 
| 102|0x0000000707600000, 0x0000000707600000, 0x0000000707700000|  0%| F|  |TAMS 0x0000000707600000, 0x0000000707600000| Untracked 
| 103|0x0000000707700000, 0x0000000707700000, 0x0000000707800000|  0%| F|  |TAMS 0x0000000707700000, 0x0000000707700000| Untracked 
| 104|0x0000000707800000, 0x0000000707800000, 0x0000000707900000|  0%| F|  |TAMS 0x0000000707800000, 0x0000000707800000| Untracked 
| 105|0x0000000707900000, 0x0000000707900000, 0x0000000707a00000|  0%| F|  |TAMS 0x0000000707900000, 0x0000000707900000| Untracked 
| 106|0x0000000707a00000, 0x0000000707a00000, 0x0000000707b00000|  0%| F|  |TAMS 0x0000000707a00000, 0x0000000707a00000| Untracked 
| 107|0x0000000707b00000, 0x0000000707b00000, 0x0000000707c00000|  0%| F|  |TAMS 0x0000000707b00000, 0x0000000707b00000| Untracked 
| 108|0x0000000707c00000, 0x0000000707c00000, 0x0000000707d00000|  0%| F|  |TAMS 0x0000000707c00000, 0x0000000707c00000| Untracked 
| 109|0x0000000707d00000, 0x0000000707d00000, 0x0000000707e00000|  0%| F|  |TAMS 0x0000000707d00000, 0x0000000707d00000| Untracked 
| 110|0x0000000707e00000, 0x0000000707e00000, 0x0000000707f00000|  0%| F|  |TAMS 0x0000000707e00000, 0x0000000707e00000| Untracked 
| 111|0x0000000707f00000, 0x0000000707f00000, 0x0000000708000000|  0%| F|  |TAMS 0x0000000707f00000, 0x0000000707f00000| Untracked 
| 112|0x0000000708000000, 0x0000000708000000, 0x0000000708100000|  0%| F|  |TAMS 0x0000000708000000, 0x0000000708000000| Untracked 
| 113|0x0000000708100000, 0x0000000708100000, 0x0000000708200000|  0%| F|  |TAMS 0x0000000708100000, 0x0000000708100000| Untracked 
| 114|0x0000000708200000, 0x0000000708200000, 0x0000000708300000|  0%| F|  |TAMS 0x0000000708200000, 0x0000000708200000| Untracked 
| 115|0x0000000708300000, 0x0000000708300000, 0x0000000708400000|  0%| F|  |TAMS 0x0000000708300000, 0x0000000708300000| Untracked 
| 116|0x0000000708400000, 0x0000000708400000, 0x0000000708500000|  0%| F|  |TAMS 0x0000000708400000, 0x0000000708400000| Untracked 
| 117|0x0000000708500000, 0x0000000708500000, 0x0000000708600000|  0%| F|  |TAMS 0x0000000708500000, 0x0000000708500000| Untracked 
| 118|0x0000000708600000, 0x0000000708600000, 0x0000000708700000|  0%| F|  |TAMS 0x0000000708600000, 0x0000000708600000| Untracked 
| 119|0x0000000708700000, 0x0000000708700000, 0x0000000708800000|  0%| F|  |TAMS 0x0000000708700000, 0x0000000708700000| Untracked 
| 120|0x0000000708800000, 0x0000000708800000, 0x0000000708900000|  0%| F|  |TAMS 0x0000000708800000, 0x0000000708800000| Untracked 
| 121|0x0000000708900000, 0x0000000708900000, 0x0000000708a00000|  0%| F|  |TAMS 0x0000000708900000, 0x0000000708900000| Untracked 
| 122|0x0000000708a00000, 0x0000000708a00000, 0x0000000708b00000|  0%| F|  |TAMS 0x0000000708a00000, 0x0000000708a00000| Untracked 
| 123|0x0000000708b00000, 0x0000000708b00000, 0x0000000708c00000|  0%| F|  |TAMS 0x0000000708b00000, 0x0000000708b00000| Untracked 
| 124|0x0000000708c00000, 0x0000000708c00000, 0x0000000708d00000|  0%| F|  |TAMS 0x0000000708c00000, 0x0000000708c00000| Untracked 
| 125|0x0000000708d00000, 0x0000000708d00000, 0x0000000708e00000|  0%| F|  |TAMS 0x0000000708d00000, 0x0000000708d00000| Untracked 
| 126|0x0000000708e00000, 0x0000000708e00000, 0x0000000708f00000|  0%| F|  |TAMS 0x0000000708e00000, 0x0000000708e00000| Untracked 
| 127|0x0000000708f00000, 0x0000000708f00000, 0x0000000709000000|  0%| F|  |TAMS 0x0000000708f00000, 0x0000000708f00000| Untracked 
| 128|0x0000000709000000, 0x0000000709000000, 0x0000000709100000|  0%| F|  |TAMS 0x0000000709000000, 0x0000000709000000| Untracked 
| 129|0x0000000709100000, 0x0000000709100000, 0x0000000709200000|  0%| F|  |TAMS 0x0000000709100000, 0x0000000709100000| Untracked 
| 130|0x0000000709200000, 0x0000000709200000, 0x0000000709300000|  0%| F|  |TAMS 0x0000000709200000, 0x0000000709200000| Untracked 
| 131|0x0000000709300000, 0x0000000709300000, 0x0000000709400000|  0%| F|  |TAMS 0x0000000709300000, 0x0000000709300000| Untracked 
| 132|0x0000000709400000, 0x0000000709400000, 0x0000000709500000|  0%| F|  |TAMS 0x0000000709400000, 0x0000000709400000| Untracked 
| 133|0x0000000709500000, 0x0000000709500000, 0x0000000709600000|  0%| F|  |TAMS 0x0000000709500000, 0x0000000709500000| Untracked 
| 134|0x0000000709600000, 0x0000000709600000, 0x0000000709700000|  0%| F|  |TAMS 0x0000000709600000, 0x0000000709600000| Untracked 
| 135|0x0000000709700000, 0x0000000709700000, 0x0000000709800000|  0%| F|  |TAMS 0x0000000709700000, 0x0000000709700000| Untracked 
| 136|0x0000000709800000, 0x0000000709800000, 0x0000000709900000|  0%| F|  |TAMS 0x0000000709800000, 0x0000000709800000| Untracked 
| 137|0x0000000709900000, 0x0000000709900000, 0x0000000709a00000|  0%| F|  |TAMS 0x0000000709900000, 0x0000000709900000| Untracked 
| 138|0x0000000709a00000, 0x0000000709a00000, 0x0000000709b00000|  0%| F|  |TAMS 0x0000000709a00000, 0x0000000709a00000| Untracked 
| 139|0x0000000709b00000, 0x0000000709b00000, 0x0000000709c00000|  0%| F|  |TAMS 0x0000000709b00000, 0x0000000709b00000| Untracked 
| 140|0x0000000709c00000, 0x0000000709c00000, 0x0000000709d00000|  0%| F|  |TAMS 0x0000000709c00000, 0x0000000709c00000| Untracked 
| 141|0x0000000709d00000, 0x0000000709d00000, 0x0000000709e00000|  0%| F|  |TAMS 0x0000000709d00000, 0x0000000709d00000| Untracked 
| 142|0x0000000709e00000, 0x0000000709e00000, 0x0000000709f00000|  0%| F|  |TAMS 0x0000000709e00000, 0x0000000709e00000| Untracked 
| 143|0x0000000709f00000, 0x0000000709f00000, 0x000000070a000000|  0%| F|  |TAMS 0x0000000709f00000, 0x0000000709f00000| Untracked 
| 144|0x000000070a000000, 0x000000070a000000, 0x000000070a100000|  0%| F|  |TAMS 0x000000070a000000, 0x000000070a000000| Untracked 
| 145|0x000000070a100000, 0x000000070a100000, 0x000000070a200000|  0%| F|  |TAMS 0x000000070a100000, 0x000000070a100000| Untracked 
| 146|0x000000070a200000, 0x000000070a200000, 0x000000070a300000|  0%| F|  |TAMS 0x000000070a200000, 0x000000070a200000| Untracked 
| 147|0x000000070a300000, 0x000000070a300000, 0x000000070a400000|  0%| F|  |TAMS 0x000000070a300000, 0x000000070a300000| Untracked 
| 148|0x000000070a400000, 0x000000070a400000, 0x000000070a500000|  0%| F|  |TAMS 0x000000070a400000, 0x000000070a400000| Untracked 
| 149|0x000000070a500000, 0x000000070a500000, 0x000000070a600000|  0%| F|  |TAMS 0x000000070a500000, 0x000000070a500000| Untracked 
| 150|0x000000070a600000, 0x000000070a600000, 0x000000070a700000|  0%| F|  |TAMS 0x000000070a600000, 0x000000070a600000| Untracked 
| 151|0x000000070a700000, 0x000000070a700000, 0x000000070a800000|  0%| F|  |TAMS 0x000000070a700000, 0x000000070a700000| Untracked 
| 152|0x000000070a800000, 0x000000070a800000, 0x000000070a900000|  0%| F|  |TAMS 0x000000070a800000, 0x000000070a800000| Untracked 
| 153|0x000000070a900000, 0x000000070a900000, 0x000000070aa00000|  0%| F|  |TAMS 0x000000070a900000, 0x000000070a900000| Untracked 
| 154|0x000000070aa00000, 0x000000070aa00000, 0x000000070ab00000|  0%| F|  |TAMS 0x000000070aa00000, 0x000000070aa00000| Untracked 
| 155|0x000000070ab00000, 0x000000070ab00000, 0x000000070ac00000|  0%| F|  |TAMS 0x000000070ab00000, 0x000000070ab00000| Untracked 
| 156|0x000000070ac00000, 0x000000070ac00000, 0x000000070ad00000|  0%| F|  |TAMS 0x000000070ac00000, 0x000000070ac00000| Untracked 
| 157|0x000000070ad00000, 0x000000070ad00000, 0x000000070ae00000|  0%| F|  |TAMS 0x000000070ad00000, 0x000000070ad00000| Untracked 
| 158|0x000000070ae00000, 0x000000070ae00000, 0x000000070af00000|  0%| F|  |TAMS 0x000000070ae00000, 0x000000070ae00000| Untracked 
| 159|0x000000070af00000, 0x000000070af00000, 0x000000070b000000|  0%| F|  |TAMS 0x000000070af00000, 0x000000070af00000| Untracked 
| 160|0x000000070b000000, 0x000000070b000000, 0x000000070b100000|  0%| F|  |TAMS 0x000000070b000000, 0x000000070b000000| Untracked 
| 161|0x000000070b100000, 0x000000070b100000, 0x000000070b200000|  0%| F|  |TAMS 0x000000070b100000, 0x000000070b100000| Untracked 
| 162|0x000000070b200000, 0x000000070b200000, 0x000000070b300000|  0%| F|  |TAMS 0x000000070b200000, 0x000000070b200000| Untracked 
| 163|0x000000070b300000, 0x000000070b300000, 0x000000070b400000|  0%| F|  |TAMS 0x000000070b300000, 0x000000070b300000| Untracked 
| 164|0x000000070b400000, 0x000000070b400000, 0x000000070b500000|  0%| F|  |TAMS 0x000000070b400000, 0x000000070b400000| Untracked 
| 165|0x000000070b500000, 0x000000070b500000, 0x000000070b600000|  0%| F|  |TAMS 0x000000070b500000, 0x000000070b500000| Untracked 
| 166|0x000000070b600000, 0x000000070b600000, 0x000000070b700000|  0%| F|  |TAMS 0x000000070b600000, 0x000000070b600000| Untracked 
| 167|0x000000070b700000, 0x000000070b700000, 0x000000070b800000|  0%| F|  |TAMS 0x000000070b700000, 0x000000070b700000| Untracked 
| 168|0x000000070b800000, 0x000000070b800000, 0x000000070b900000|  0%| F|  |TAMS 0x000000070b800000, 0x000000070b800000| Untracked 
| 169|0x000000070b900000, 0x000000070b900000, 0x000000070ba00000|  0%| F|  |TAMS 0x000000070b900000, 0x000000070b900000| Untracked 
| 170|0x000000070ba00000, 0x000000070ba00000, 0x000000070bb00000|  0%| F|  |TAMS 0x000000070ba00000, 0x000000070ba00000| Untracked 
| 171|0x000000070bb00000, 0x000000070bb00000, 0x000000070bc00000|  0%| F|  |TAMS 0x000000070bb00000, 0x000000070bb00000| Untracked 
| 172|0x000000070bc00000, 0x000000070bc00000, 0x000000070bd00000|  0%| F|  |TAMS 0x000000070bc00000, 0x000000070bc00000| Untracked 
| 173|0x000000070bd00000, 0x000000070bd00000, 0x000000070be00000|  0%| F|  |TAMS 0x000000070bd00000, 0x000000070bd00000| Untracked 
| 174|0x000000070be00000, 0x000000070be00000, 0x000000070bf00000|  0%| F|  |TAMS 0x000000070be00000, 0x000000070be00000| Untracked 
| 175|0x000000070bf00000, 0x000000070bf00000, 0x000000070c000000|  0%| F|  |TAMS 0x000000070bf00000, 0x000000070bf00000| Untracked 
| 176|0x000000070c000000, 0x000000070c000000, 0x000000070c100000|  0%| F|  |TAMS 0x000000070c000000, 0x000000070c000000| Untracked 
| 177|0x000000070c100000, 0x000000070c100000, 0x000000070c200000|  0%| F|  |TAMS 0x000000070c100000, 0x000000070c100000| Untracked 
| 178|0x000000070c200000, 0x000000070c200000, 0x000000070c300000|  0%| F|  |TAMS 0x000000070c200000, 0x000000070c200000| Untracked 
| 179|0x000000070c300000, 0x000000070c300000, 0x000000070c400000|  0%| F|  |TAMS 0x000000070c300000, 0x000000070c300000| Untracked 
| 180|0x000000070c400000, 0x000000070c400000, 0x000000070c500000|  0%| F|  |TAMS 0x000000070c400000, 0x000000070c400000| Untracked 
| 181|0x000000070c500000, 0x000000070c500000, 0x000000070c600000|  0%| F|  |TAMS 0x000000070c500000, 0x000000070c500000| Untracked 
| 182|0x000000070c600000, 0x000000070c600000, 0x000000070c700000|  0%| F|  |TAMS 0x000000070c600000, 0x000000070c600000| Untracked 
| 183|0x000000070c700000, 0x000000070c700000, 0x000000070c800000|  0%| F|  |TAMS 0x000000070c700000, 0x000000070c700000| Untracked 
| 184|0x000000070c800000, 0x000000070c800000, 0x000000070c900000|  0%| F|  |TAMS 0x000000070c800000, 0x000000070c800000| Untracked 
| 185|0x000000070c900000, 0x000000070c900000, 0x000000070ca00000|  0%| F|  |TAMS 0x000000070c900000, 0x000000070c900000| Untracked 
| 186|0x000000070ca00000, 0x000000070ca00000, 0x000000070cb00000|  0%| F|  |TAMS 0x000000070ca00000, 0x000000070ca00000| Untracked 
| 187|0x000000070cb00000, 0x000000070cb00000, 0x000000070cc00000|  0%| F|  |TAMS 0x000000070cb00000, 0x000000070cb00000| Untracked 
| 188|0x000000070cc00000, 0x000000070cc00000, 0x000000070cd00000|  0%| F|  |TAMS 0x000000070cc00000, 0x000000070cc00000| Untracked 
| 189|0x000000070cd00000, 0x000000070cd00000, 0x000000070ce00000|  0%| F|  |TAMS 0x000000070cd00000, 0x000000070cd00000| Untracked 
| 190|0x000000070ce00000, 0x000000070ce00000, 0x000000070cf00000|  0%| F|  |TAMS 0x000000070ce00000, 0x000000070ce00000| Untracked 
| 191|0x000000070cf00000, 0x000000070cf00000, 0x000000070d000000|  0%| F|  |TAMS 0x000000070cf00000, 0x000000070cf00000| Untracked 
| 192|0x000000070d000000, 0x000000070d000000, 0x000000070d100000|  0%| F|  |TAMS 0x000000070d000000, 0x000000070d000000| Untracked 
| 193|0x000000070d100000, 0x000000070d100000, 0x000000070d200000|  0%| F|  |TAMS 0x000000070d100000, 0x000000070d100000| Untracked 
| 194|0x000000070d200000, 0x000000070d200000, 0x000000070d300000|  0%| F|  |TAMS 0x000000070d200000, 0x000000070d200000| Untracked 
| 195|0x000000070d300000, 0x000000070d300000, 0x000000070d400000|  0%| F|  |TAMS 0x000000070d300000, 0x000000070d300000| Untracked 
| 196|0x000000070d400000, 0x000000070d400000, 0x000000070d500000|  0%| F|  |TAMS 0x000000070d400000, 0x000000070d400000| Untracked 
| 197|0x000000070d500000, 0x000000070d500000, 0x000000070d600000|  0%| F|  |TAMS 0x000000070d500000, 0x000000070d500000| Untracked 
| 198|0x000000070d600000, 0x000000070d600000, 0x000000070d700000|  0%| F|  |TAMS 0x000000070d600000, 0x000000070d600000| Untracked 
| 199|0x000000070d700000, 0x000000070d700000, 0x000000070d800000|  0%| F|  |TAMS 0x000000070d700000, 0x000000070d700000| Untracked 
| 200|0x000000070d800000, 0x000000070d800000, 0x000000070d900000|  0%| F|  |TAMS 0x000000070d800000, 0x000000070d800000| Untracked 
| 201|0x000000070d900000, 0x000000070d900000, 0x000000070da00000|  0%| F|  |TAMS 0x000000070d900000, 0x000000070d900000| Untracked 
| 202|0x000000070da00000, 0x000000070da00000, 0x000000070db00000|  0%| F|  |TAMS 0x000000070da00000, 0x000000070da00000| Untracked 
| 203|0x000000070db00000, 0x000000070db00000, 0x000000070dc00000|  0%| F|  |TAMS 0x000000070db00000, 0x000000070db00000| Untracked 
| 204|0x000000070dc00000, 0x000000070dc00000, 0x000000070dd00000|  0%| F|  |TAMS 0x000000070dc00000, 0x000000070dc00000| Untracked 
| 205|0x000000070dd00000, 0x000000070dd00000, 0x000000070de00000|  0%| F|  |TAMS 0x000000070dd00000, 0x000000070dd00000| Untracked 
| 206|0x000000070de00000, 0x000000070de00000, 0x000000070df00000|  0%| F|  |TAMS 0x000000070de00000, 0x000000070de00000| Untracked 
| 207|0x000000070df00000, 0x000000070df00000, 0x000000070e000000|  0%| F|  |TAMS 0x000000070df00000, 0x000000070df00000| Untracked 
| 208|0x000000070e000000, 0x000000070e000000, 0x000000070e100000|  0%| F|  |TAMS 0x000000070e000000, 0x000000070e000000| Untracked 
| 209|0x000000070e100000, 0x000000070e100000, 0x000000070e200000|  0%| F|  |TAMS 0x000000070e100000, 0x000000070e100000| Untracked 
| 210|0x000000070e200000, 0x000000070e200000, 0x000000070e300000|  0%| F|  |TAMS 0x000000070e200000, 0x000000070e200000| Untracked 
| 211|0x000000070e300000, 0x000000070e300000, 0x000000070e400000|  0%| F|  |TAMS 0x000000070e300000, 0x000000070e300000| Untracked 
| 212|0x000000070e400000, 0x000000070e400000, 0x000000070e500000|  0%| F|  |TAMS 0x000000070e400000, 0x000000070e400000| Untracked 
| 213|0x000000070e500000, 0x000000070e500000, 0x000000070e600000|  0%| F|  |TAMS 0x000000070e500000, 0x000000070e500000| Untracked 
| 214|0x000000070e600000, 0x000000070e600000, 0x000000070e700000|  0%| F|  |TAMS 0x000000070e600000, 0x000000070e600000| Untracked 
| 215|0x000000070e700000, 0x000000070e700000, 0x000000070e800000|  0%| F|  |TAMS 0x000000070e700000, 0x000000070e700000| Untracked 
| 216|0x000000070e800000, 0x000000070e800000, 0x000000070e900000|  0%| F|  |TAMS 0x000000070e800000, 0x000000070e800000| Untracked 
| 217|0x000000070e900000, 0x000000070e93c140, 0x000000070ea00000| 23%| S|CS|TAMS 0x000000070e900000, 0x000000070e900000| Complete 
| 218|0x000000070ea00000, 0x000000070eb00000, 0x000000070eb00000|100%| S|CS|TAMS 0x000000070ea00000, 0x000000070ea00000| Complete 
| 219|0x000000070eb00000, 0x000000070ec00000, 0x000000070ec00000|100%| S|CS|TAMS 0x000000070eb00000, 0x000000070eb00000| Complete 
| 220|0x000000070ec00000, 0x000000070ed00000, 0x000000070ed00000|100%| S|CS|TAMS 0x000000070ec00000, 0x000000070ec00000| Complete 
| 221|0x000000070ed00000, 0x000000070ee00000, 0x000000070ee00000|100%| S|CS|TAMS 0x000000070ed00000, 0x000000070ed00000| Complete 
| 222|0x000000070ee00000, 0x000000070ef00000, 0x000000070ef00000|100%| S|CS|TAMS 0x000000070ee00000, 0x000000070ee00000| Complete 
| 223|0x000000070ef00000, 0x000000070f000000, 0x000000070f000000|100%| S|CS|TAMS 0x000000070ef00000, 0x000000070ef00000| Complete 
| 224|0x000000070f000000, 0x000000070f000000, 0x000000070f100000|  0%| F|  |TAMS 0x000000070f000000, 0x000000070f000000| Untracked 
| 225|0x000000070f100000, 0x000000070f100000, 0x000000070f200000|  0%| F|  |TAMS 0x000000070f100000, 0x000000070f100000| Untracked 
| 226|0x000000070f200000, 0x000000070f200000, 0x000000070f300000|  0%| F|  |TAMS 0x000000070f200000, 0x000000070f200000| Untracked 
| 227|0x000000070f300000, 0x000000070f300000, 0x000000070f400000|  0%| F|  |TAMS 0x000000070f300000, 0x000000070f300000| Untracked 
| 228|0x000000070f400000, 0x000000070f400000, 0x000000070f500000|  0%| F|  |TAMS 0x000000070f400000, 0x000000070f400000| Untracked 
| 229|0x000000070f500000, 0x000000070f500000, 0x000000070f600000|  0%| F|  |TAMS 0x000000070f500000, 0x000000070f500000| Untracked 
| 230|0x000000070f600000, 0x000000070f600000, 0x000000070f700000|  0%| F|  |TAMS 0x000000070f600000, 0x000000070f600000| Untracked 
| 231|0x000000070f700000, 0x000000070f700000, 0x000000070f800000|  0%| F|  |TAMS 0x000000070f700000, 0x000000070f700000| Untracked 
| 232|0x000000070f800000, 0x000000070f800000, 0x000000070f900000|  0%| F|  |TAMS 0x000000070f800000, 0x000000070f800000| Untracked 
| 233|0x000000070f900000, 0x000000070f900000, 0x000000070fa00000|  0%| F|  |TAMS 0x000000070f900000, 0x000000070f900000| Untracked 
| 234|0x000000070fa00000, 0x000000070fa00000, 0x000000070fb00000|  0%| F|  |TAMS 0x000000070fa00000, 0x000000070fa00000| Untracked 
| 235|0x000000070fb00000, 0x000000070fb00000, 0x000000070fc00000|  0%| F|  |TAMS 0x000000070fb00000, 0x000000070fb00000| Untracked 
| 236|0x000000070fc00000, 0x000000070fc00000, 0x000000070fd00000|  0%| F|  |TAMS 0x000000070fc00000, 0x000000070fc00000| Untracked 
| 237|0x000000070fd00000, 0x000000070fd00000, 0x000000070fe00000|  0%| F|  |TAMS 0x000000070fd00000, 0x000000070fd00000| Untracked 
| 238|0x000000070fe00000, 0x000000070fe00000, 0x000000070ff00000|  0%| F|  |TAMS 0x000000070fe00000, 0x000000070fe00000| Untracked 
| 239|0x000000070ff00000, 0x000000070ff00000, 0x0000000710000000|  0%| F|  |TAMS 0x000000070ff00000, 0x000000070ff00000| Untracked 
| 240|0x0000000710000000, 0x0000000710000000, 0x0000000710100000|  0%| F|  |TAMS 0x0000000710000000, 0x0000000710000000| Untracked 
| 241|0x0000000710100000, 0x0000000710100000, 0x0000000710200000|  0%| F|  |TAMS 0x0000000710100000, 0x0000000710100000| Untracked 
| 242|0x0000000710200000, 0x0000000710200000, 0x0000000710300000|  0%| F|  |TAMS 0x0000000710200000, 0x0000000710200000| Untracked 
| 243|0x0000000710300000, 0x0000000710300000, 0x0000000710400000|  0%| F|  |TAMS 0x0000000710300000, 0x0000000710300000| Untracked 
| 244|0x0000000710400000, 0x0000000710400000, 0x0000000710500000|  0%| F|  |TAMS 0x0000000710400000, 0x0000000710400000| Untracked 
| 245|0x0000000710500000, 0x0000000710500000, 0x0000000710600000|  0%| F|  |TAMS 0x0000000710500000, 0x0000000710500000| Untracked 
| 246|0x0000000710600000, 0x0000000710600000, 0x0000000710700000|  0%| F|  |TAMS 0x0000000710600000, 0x0000000710600000| Untracked 
| 247|0x0000000710700000, 0x0000000710700000, 0x0000000710800000|  0%| F|  |TAMS 0x0000000710700000, 0x0000000710700000| Untracked 
| 248|0x0000000710800000, 0x0000000710800000, 0x0000000710900000|  0%| F|  |TAMS 0x0000000710800000, 0x0000000710800000| Untracked 
| 249|0x0000000710900000, 0x0000000710900000, 0x0000000710a00000|  0%| F|  |TAMS 0x0000000710900000, 0x0000000710900000| Untracked 
| 250|0x0000000710a00000, 0x0000000710a00000, 0x0000000710b00000|  0%| F|  |TAMS 0x0000000710a00000, 0x0000000710a00000| Untracked 
| 251|0x0000000710b00000, 0x0000000710b00000, 0x0000000710c00000|  0%| F|  |TAMS 0x0000000710b00000, 0x0000000710b00000| Untracked 
| 252|0x0000000710c00000, 0x0000000710c00000, 0x0000000710d00000|  0%| F|  |TAMS 0x0000000710c00000, 0x0000000710c00000| Untracked 
| 253|0x0000000710d00000, 0x0000000710d00000, 0x0000000710e00000|  0%| F|  |TAMS 0x0000000710d00000, 0x0000000710d00000| Untracked 
| 254|0x0000000710e00000, 0x0000000710e808a8, 0x0000000710f00000| 50%| E|  |TAMS 0x0000000710e00000, 0x0000000710e00000| Complete 
| 255|0x0000000710f00000, 0x0000000711000000, 0x0000000711000000|100%| E|CS|TAMS 0x0000000710f00000, 0x0000000710f00000| Complete 

Card table byte_map: [0x0000020699730000,0x0000020699f30000] _byte_map_base: 0x0000020695f28000

Marking Bits (Prev, Next): (CMBitMap*) 0x000002068636cdf0, (CMBitMap*) 0x000002068636cdb8
 Prev Bits: [0x000002069e6f0000, 0x00000206a26b0000)
 Next Bits: [0x000002069a730000, 0x000002069e6f0000)

Polling page: 0x0000020684490000

Metaspace:

Usage:
  Non-class:     15.97 MB capacity,    15.83 MB (>99%) used,   123.66 KB ( <1%) free+waste,    20.31 KB ( <1%) overhead. 
      Class:      1.82 MB capacity,     1.74 MB ( 96%) used,    68.78 KB (  4%) free+waste,     8.75 KB ( <1%) overhead. 
       Both:     17.79 MB capacity,    17.57 MB ( 99%) used,   192.45 KB (  1%) free+waste,    29.06 KB ( <1%) overhead. 

Virtual space:
  Non-class space:       24.00 MB reserved,      16.00 MB ( 67%) committed 
      Class space:        1.00 GB reserved,       1.88 MB ( <1%) committed 
             Both:        1.02 GB reserved,      17.88 MB (  2%) committed 

Chunk freelists:
   Non-Class:  30.00 KB
       Class:  24.00 KB
        Both:  54.00 KB

MaxMetaspaceSize: 17179869184.00 GB
CompressedClassSpaceSize: 1.00 GB
Initial GC threshold: 20.80 MB
Current GC threshold: 29.38 MB
CDS: off

CodeHeap 'non-profiled nmethods': size=120064Kb used=531Kb max_used=531Kb free=119532Kb
 bounds [0x00000206918e0000, 0x0000020691b50000, 0x0000020698e20000]
CodeHeap 'profiled nmethods': size=120000Kb used=3570Kb max_used=3570Kb free=116430Kb
 bounds [0x000002068a3b0000, 0x000002068a730000, 0x00000206918e0000]
CodeHeap 'non-nmethods': size=5696Kb used=1193Kb max_used=1201Kb free=4502Kb
 bounds [0x0000020689e20000, 0x000002068a090000, 0x000002068a3b0000]
 total_blobs=2139 nmethods=1686 adapters=365
 compilation: enabled
              stopped_count=0, restarted_count=0
 full_count=0

Compilation events (20 events):
Event: 1.018 Thread 0x00000206a592f800 nmethod 1665 0x000002068a720290 code [0x000002068a720520, 0x000002068a721518]
Event: 1.019 Thread 0x00000206a592f800 1666       3       java.util.WeakHashMap::remove (133 bytes)
Event: 1.020 Thread 0x00000206a592f800 nmethod 1666 0x000002068a721a10 code [0x000002068a721c60, 0x000002068a722768]
Event: 1.020 Thread 0x00000206a592f800 1668       3       java.lang.invoke.MemberName::isMethod (7 bytes)
Event: 1.020 Thread 0x00000206a592f800 nmethod 1668 0x000002068a722b10 code [0x000002068a722cc0, 0x000002068a722ef8]
Event: 1.020 Thread 0x00000206a592f800 1669       3       java.lang.invoke.DirectMethodHandle::internalMemberName (8 bytes)
Event: 1.021 Thread 0x00000206a592f800 nmethod 1669 0x000002068a723010 code [0x000002068a7231c0, 0x000002068a7233b8]
Event: 1.021 Thread 0x00000206a592f800 1670       1       java.lang.invoke.MethodHandleImpl::isCompileConstant (2 bytes)
Event: 1.021 Thread 0x00000206a592f800 nmethod 1670 0x0000020691963e90 code [0x0000020691964040, 0x00000206919640d8]
Event: 1.021 Thread 0x00000206a592f800 1672       3       java.lang.invoke.Invokers::checkCustomized (23 bytes)
Event: 1.021 Thread 0x00000206a592f800 nmethod 1672 0x000002068a723490 code [0x000002068a723660, 0x000002068a723828]
Event: 1.021 Thread 0x00000206a592f800 1673       3       java.lang.invoke.Invokers::maybeCustomize (28 bytes)
Event: 1.021 Thread 0x00000206a592f800 nmethod 1673 0x000002068a723910 code [0x000002068a723ac0, 0x000002068a723cc8]
Event: 1.022 Thread 0x00000206a592f800 1674       3       jdk.internal.org.objectweb.asm.ClassWriter::newNameType (10 bytes)
Event: 1.022 Thread 0x00000206a592f800 nmethod 1674 0x000002068a723d90 code [0x000002068a723f40, 0x000002068a724088]
Event: 1.038 Thread 0x00000206a5a8e800 1675 % !   4       java.util.concurrent.ConcurrentHashMap::transfer @ 96 (828 bytes)
Event: 1.040 Thread 0x00000206a592f800 1676       3       java.security.CodeSource::getCertificates (98 bytes)
Event: 1.041 Thread 0x00000206a592f800 nmethod 1676 0x000002068a724190 code [0x000002068a724400, 0x000002068a725118]
Event: 1.042 Thread 0x00000206a592f800 1677  s!   3       jdk.internal.loader.URLClassPath::getLoader (194 bytes)
Event: 1.043 Thread 0x00000206a592f800 nmethod 1677 0x000002068a725410 code [0x000002068a725780, 0x000002068a7274e8]

GC Heap History (4 events):
Event: 0.547 GC heap before
{Heap before GC invocations=0 (full 0):
 garbage-first heap   total 262144K, used 26624K [0x0000000701000000, 0x0000000800000000)
  region size 1024K, 22 young (22528K), 0 survivors (0K)
 Metaspace       used 11710K, capacity 11858K, committed 12160K, reserved 1060864K
  class space    used 1036K, capacity 1077K, committed 1152K, reserved 1048576K
}
Event: 0.572 GC heap after
{Heap after GC invocations=1 (full 0):
 garbage-first heap   total 262144K, used 7036K [0x0000000701000000, 0x0000000800000000)
  region size 1024K, 3 young (3072K), 3 survivors (3072K)
 Metaspace       used 11710K, capacity 11858K, committed 12160K, reserved 1060864K
  class space    used 1036K, capacity 1077K, committed 1152K, reserved 1048576K
}
Event: 1.022 GC heap before
{Heap before GC invocations=1 (full 0):
 garbage-first heap   total 262144K, used 35708K [0x0000000701000000, 0x0000000800000000)
  region size 1024K, 32 young (32768K), 3 survivors (3072K)
 Metaspace       used 17474K, capacity 17637K, committed 17792K, reserved 1073152K
  class space    used 1711K, capacity 1799K, committed 1920K, reserved 1048576K
}
Event: 1.031 GC heap after
{Heap after GC invocations=2 (full 0):
 garbage-first heap   total 262144K, used 10480K [0x0000000701000000, 0x0000000800000000)
  region size 1024K, 7 young (7168K), 7 survivors (7168K)
 Metaspace       used 17474K, capacity 17637K, committed 17792K, reserved 1073152K
  class space    used 1711K, capacity 1799K, committed 1920K, reserved 1048576K
}

Deoptimization events (20 events):
Event: 0.677 Thread 0x0000020686306800 DEOPT PACKING pc=0x000002069190d624 sp=0x0000007ab1bfd5a0
Event: 0.677 Thread 0x0000020686306800 DEOPT UNPACKING pc=0x0000020689e6a1af sp=0x0000007ab1bfd488 mode 2
Event: 0.677 Thread 0x0000020686306800 Uncommon trap: trap_request=0xffffffde fr.pc=0x000002069190d624 relative=0x00000000000004a4
Event: 0.677 Thread 0x0000020686306800 Uncommon trap: reason=class_check action=maybe_recompile pc=0x000002069190d624 method=kotlin.reflect.jvm.internal.impl.protobuf.CodedInputStream.tryRefillBuffer(I)Z @ 175 c2
Event: 0.677 Thread 0x0000020686306800 DEOPT PACKING pc=0x000002069190d624 sp=0x0000007ab1bfd690
Event: 0.677 Thread 0x0000020686306800 DEOPT UNPACKING pc=0x0000020689e6a1af sp=0x0000007ab1bfd578 mode 2
Event: 0.681 Thread 0x0000020686306800 Uncommon trap: trap_request=0xffffffde fr.pc=0x000002069190d624 relative=0x00000000000004a4
Event: 0.681 Thread 0x0000020686306800 Uncommon trap: reason=class_check action=maybe_recompile pc=0x000002069190d624 method=kotlin.reflect.jvm.internal.impl.protobuf.CodedInputStream.tryRefillBuffer(I)Z @ 175 c2
Event: 0.681 Thread 0x0000020686306800 DEOPT PACKING pc=0x000002069190d624 sp=0x0000007ab1bfd3c0
Event: 0.681 Thread 0x0000020686306800 DEOPT UNPACKING pc=0x0000020689e6a1af sp=0x0000007ab1bfd2a8 mode 2
Event: 0.813 Thread 0x0000020686306800 Uncommon trap: trap_request=0xffffff4d fr.pc=0x0000020691918368 relative=0x00000000000005a8
Event: 0.813 Thread 0x0000020686306800 Uncommon trap: reason=unstable_if action=reinterpret pc=0x0000020691918368 method=java.util.ArrayList.newCapacity(I)I @ 25 c2
Event: 0.813 Thread 0x0000020686306800 DEOPT PACKING pc=0x0000020691918368 sp=0x0000007ab1bfd790
Event: 0.813 Thread 0x0000020686306800 DEOPT UNPACKING pc=0x0000020689e6a1af sp=0x0000007ab1bfd5b0 mode 2
Event: 0.881 Thread 0x0000020686306800 Uncommon trap: trap_request=0xffffff4d fr.pc=0x0000020691907d88 relative=0x0000000000000248
Event: 0.881 Thread 0x0000020686306800 Uncommon trap: reason=unstable_if action=reinterpret pc=0x0000020691907d88 method=java.lang.String.startsWith(Ljava/lang/String;I)Z @ 14 c2
Event: 0.881 Thread 0x0000020686306800 DEOPT PACKING pc=0x0000020691907d88 sp=0x0000007ab1bfc590
Event: 0.881 Thread 0x0000020686306800 DEOPT UNPACKING pc=0x0000020689e6a1af sp=0x0000007ab1bfc4f8 mode 2
Event: 0.940 Thread 0x0000020686306800 DEOPT PACKING pc=0x000002068a6a23fc sp=0x0000007ab1bfd9c0
Event: 0.940 Thread 0x0000020686306800 DEOPT UNPACKING pc=0x0000020689e6a95e sp=0x0000007ab1bfcff8 mode 0

Classes redefined (0 events):
No events

Internal exceptions (10 events):
Event: 0.974 Thread 0x0000020686306800 Exception <a 'java/lang/NoSuchMethodError'{0x000000070f2425e0}: 'int java.lang.invoke.DelegatingMethodHandle$Holder.reinvoke_L(java.lang.Object, java.lang.Object, java.lang.Object, long, int, int)'> (0x000000070f2425e0) thrown at [src/hotspot/share/interpreter/linkResolver.cpp, line 773]
Event: 0.976 Thread 0x0000020686306800 Exception <a 'java/lang/NoSuchMethodError'{0x000000070f24ff68}: 'int java.lang.invoke.DelegatingMethodHandle$Holder.reinvoke_L(java.lang.Object, java.lang.Object, java.lang.Object, long, long, long)'> (0x000000070f24ff68) thrown at [src/hotspot/share/interpreter/linkResolver.cpp, line 773]
Event: 0.977 Thread 0x0000020686306800 Exception <a 'java/lang/NoSuchMethodError'{0x000000070f25d120}: 'int java.lang.invoke.DelegatingMethodHandle$Holder.reinvoke_L(java.lang.Object, java.lang.Object, java.lang.Object, long, java.lang.Object, java.lang.Object)'> (0x000000070f25d120) thrown at [src/hotspot/share/interpreter/linkResolver.cpp, line 773]
Event: 0.978 Thread 0x0000020686306800 Exception <a 'java/lang/NoSuchMethodError'{0x000000070f26a588}: 'void java.lang.invoke.DelegatingMethodHandle$Holder.reinvoke_L(java.lang.Object, java.lang.Object, java.lang.Object, long, java.lang.Object)'> (0x000000070f26a588) thrown at [src/hotspot/share/interpreter/linkResolver.cpp, line 773]
Event: 0.978 Thread 0x0000020686306800 Exception <a 'java/lang/NoSuchMethodError'{0x000000070f273e08}: 'java.lang.Object java.lang.invoke.DirectMethodHandle$Holder.invokeSpecial(java.lang.Object, java.lang.Object, java.lang.Object, java.lang.Object, long)'> (0x000000070f273e08) thrown at [src/hotspot/share/interpreter/linkResolver.cpp, line 773]
Event: 0.979 Thread 0x0000020686306800 Exception <a 'java/lang/NoSuchMethodError'{0x000000070f277360}: 'java.lang.Object java.lang.invoke.DelegatingMethodHandle$Holder.reinvoke_L(java.lang.Object, java.lang.Object, java.lang.Object, long)'> (0x000000070f277360) thrown at [src/hotspot/share/interpreter/linkResolver.cpp, line 773]
Event: 0.980 Thread 0x0000020686306800 Exception <a 'java/lang/NoSuchMethodError'{0x000000070f291b78}: 'long java.lang.invoke.Invokers$Holder.invoke_MT(java.lang.Object, java.lang.Object, java.lang.Object, java.lang.Object)'> (0x000000070f291b78) thrown at [src/hotspot/share/interpreter/linkResolver.cpp, line 773]
Event: 0.981 Thread 0x0000020686306800 Exception <a 'java/lang/NoSuchMethodError'{0x000000070f2951f8}: 'long java.lang.invoke.DelegatingMethodHandle$Holder.reinvoke_L(java.lang.Object, java.lang.Object, java.lang.Object)'> (0x000000070f2951f8) thrown at [src/hotspot/share/interpreter/linkResolver.cpp, line 773]
Event: 0.981 Thread 0x0000020686306800 Exception <a 'java/lang/NoSuchMethodError'{0x000000070f29eeb8}: 'int java.lang.invoke.DirectMethodHandle$Holder.invokeSpecial(java.lang.Object, java.lang.Object, java.lang.Object, java.lang.Object)'> (0x000000070f29eeb8) thrown at [src/hotspot/share/interpreter/linkResolver.cpp, line 773]
Event: 0.984 Thread 0x0000020686306800 Exception <a 'java/lang/NoSuchMethodError'{0x000000070f2adf20}: 'int java.lang.invoke.DelegatingMethodHandle$Holder.reinvoke_L(java.lang.Object, java.lang.Object, java.lang.Object, long, int)'> (0x000000070f2adf20) thrown at [src/hotspot/share/interpreter/linkResolver.cpp, line 773]

Events (20 events):
Event: 1.044 loading class org/jetbrains/kotlin/config/JvmAnalysisFlags
Event: 1.044 loading class org/jetbrains/kotlin/config/JvmAnalysisFlags done
Event: 1.044 loading class org/jetbrains/kotlin/config/JvmAnalysisFlags$strictMetadataVersionSemantics$2
Event: 1.044 loading class org/jetbrains/kotlin/config/JvmAnalysisFlags$strictMetadataVersionSemantics$2 done
Event: 1.044 loading class org/jetbrains/kotlin/config/JvmAnalysisFlags$javaTypeEnhancementState$2
Event: 1.044 loading class org/jetbrains/kotlin/config/JvmAnalysisFlags$javaTypeEnhancementState$2 done
Event: 1.046 loading class org/jetbrains/kotlin/config/JvmAnalysisFlags$jvmDefaultMode$2
Event: 1.046 loading class org/jetbrains/kotlin/config/JvmAnalysisFlags$jvmDefaultMode$2 done
Event: 1.046 loading class org/jetbrains/kotlin/config/JvmAnalysisFlags$inheritMultifileParts$2
Event: 1.046 loading class org/jetbrains/kotlin/config/JvmAnalysisFlags$inheritMultifileParts$2 done
Event: 1.047 loading class org/jetbrains/kotlin/config/JvmAnalysisFlags$sanitizeParentheses$2
Event: 1.047 loading class org/jetbrains/kotlin/config/JvmAnalysisFlags$sanitizeParentheses$2 done
Event: 1.047 loading class org/jetbrains/kotlin/config/JvmAnalysisFlags$suppressMissingBuiltinsError$2
Event: 1.047 loading class org/jetbrains/kotlin/config/JvmAnalysisFlags$suppressMissingBuiltinsError$2 done
Event: 1.047 loading class org/jetbrains/kotlin/config/JvmAnalysisFlags$disableUltraLightClasses$2
Event: 1.047 loading class org/jetbrains/kotlin/config/JvmAnalysisFlags$disableUltraLightClasses$2 done
Event: 1.047 loading class org/jetbrains/kotlin/config/JvmAnalysisFlags$enableJvmPreview$2
Event: 1.047 loading class org/jetbrains/kotlin/config/JvmAnalysisFlags$enableJvmPreview$2 done
Event: 1.047 loading class org/jetbrains/kotlin/config/JvmAnalysisFlags$useIR$2
Event: 1.047 loading class org/jetbrains/kotlin/config/JvmAnalysisFlags$useIR$2 done


Dynamic libraries:
0x00007ff663d90000 - 0x00007ff663d9a000 	D:\Android Education\Insrtuments\apps\AndroidStudio\ch-0\221.6008.13.2211.9619390\jbr\bin\java.exe
0x00007fffa9440000 - 0x00007fffa9630000 	C:\WINDOWS\SYSTEM32\ntdll.dll
0x00007fffa7e40000 - 0x00007fffa7ef2000 	C:\WINDOWS\System32\KERNEL32.DLL
0x00007fffa7000000 - 0x00007fffa72a5000 	C:\WINDOWS\System32\KERNELBASE.dll
0x00007fffa6ed0000 - 0x00007fffa6fca000 	C:\WINDOWS\System32\ucrtbase.dll
0x00007fff9ded0000 - 0x00007fff9dee7000 	D:\Android Education\Insrtuments\apps\AndroidStudio\ch-0\221.6008.13.2211.9619390\jbr\bin\jli.dll
0x00007fffa9220000 - 0x00007fffa93b4000 	C:\WINDOWS\System32\USER32.dll
0x00007fffa6fd0000 - 0x00007fffa6ff1000 	C:\WINDOWS\System32\win32u.dll
0x00007fffa93d0000 - 0x00007fffa93f6000 	C:\WINDOWS\System32\GDI32.dll
0x00007fffa63b0000 - 0x00007fffa6548000 	C:\WINDOWS\System32\gdi32full.dll
0x00007fff9dae0000 - 0x00007fff9dafb000 	D:\Android Education\Insrtuments\apps\AndroidStudio\ch-0\221.6008.13.2211.9619390\jbr\bin\VCRUNTIME140.dll
0x00007fffa6550000 - 0x00007fffa65ee000 	C:\WINDOWS\System32\msvcp_win.dll
0x00007fff961f0000 - 0x00007fff96474000 	C:\WINDOWS\WinSxS\amd64_microsoft.windows.common-controls_6595b64144ccf1df_6.0.18362.1556_none_9e7e372fe45e41d5\COMCTL32.dll
0x00007fffa7800000 - 0x00007fffa789e000 	C:\WINDOWS\System32\msvcrt.dll
0x00007fffa85f0000 - 0x00007fffa8926000 	C:\WINDOWS\System32\combase.dll
0x00007fffa8de0000 - 0x00007fffa8eff000 	C:\WINDOWS\System32\RPCRT4.dll
0x00007fffa7340000 - 0x00007fffa73c1000 	C:\WINDOWS\System32\bcryptPrimitives.dll
0x00007fffa7900000 - 0x00007fffa792e000 	C:\WINDOWS\System32\IMM32.DLL
0x00007fff9df30000 - 0x00007fff9df3c000 	D:\Android Education\Insrtuments\apps\AndroidStudio\ch-0\221.6008.13.2211.9619390\jbr\bin\vcruntime140_1.dll
0x00007fff73260000 - 0x00007fff732ed000 	D:\Android Education\Insrtuments\apps\AndroidStudio\ch-0\221.6008.13.2211.9619390\jbr\bin\msvcp140.dll
0x00007fff37fd0000 - 0x00007fff38b8c000 	D:\Android Education\Insrtuments\apps\AndroidStudio\ch-0\221.6008.13.2211.9619390\jbr\bin\server\jvm.dll
0x00007fffa8930000 - 0x00007fffa89d3000 	C:\WINDOWS\System32\ADVAPI32.dll
0x00007fffa7930000 - 0x00007fffa79c7000 	C:\WINDOWS\System32\sechost.dll
0x00007fffa93c0000 - 0x00007fffa93c8000 	C:\WINDOWS\System32\PSAPI.DLL
0x00007fff8fef0000 - 0x00007fff8fef9000 	C:\WINDOWS\SYSTEM32\WSOCK32.dll
0x00007fffa9010000 - 0x00007fffa907f000 	C:\WINDOWS\System32\WS2_32.dll
0x00007fff9bda0000 - 0x00007fff9bdc4000 	C:\WINDOWS\SYSTEM32\WINMM.dll
0x00007fffa3250000 - 0x00007fffa325a000 	C:\WINDOWS\SYSTEM32\VERSION.dll
0x00007fff9bd70000 - 0x00007fff9bd9d000 	C:\WINDOWS\SYSTEM32\WINMMBASE.dll
0x00007fffa73f0000 - 0x00007fffa743a000 	C:\WINDOWS\System32\cfgmgr32.dll
0x00007fffa6390000 - 0x00007fffa63a1000 	C:\WINDOWS\System32\kernel.appcore.dll
0x00007fffa0660000 - 0x00007fffa0670000 	D:\Android Education\Insrtuments\apps\AndroidStudio\ch-0\221.6008.13.2211.9619390\jbr\bin\verify.dll
0x00007fffa0430000 - 0x00007fffa0624000 	C:\WINDOWS\SYSTEM32\DBGHELP.DLL
0x00007fff9f2a0000 - 0x00007fff9f2ca000 	C:\WINDOWS\SYSTEM32\dbgcore.DLL
0x00007fff9e0d0000 - 0x00007fff9e0f8000 	D:\Android Education\Insrtuments\apps\AndroidStudio\ch-0\221.6008.13.2211.9619390\jbr\bin\java.dll
0x00007fffa0650000 - 0x00007fffa065a000 	D:\Android Education\Insrtuments\apps\AndroidStudio\ch-0\221.6008.13.2211.9619390\jbr\bin\jimage.dll
0x00007fff9e820000 - 0x00007fff9e838000 	D:\Android Education\Insrtuments\apps\AndroidStudio\ch-0\221.6008.13.2211.9619390\jbr\bin\zip.dll
0x00007fffa7f00000 - 0x00007fffa85e7000 	C:\WINDOWS\System32\SHELL32.dll
0x00007fffa75c0000 - 0x00007fffa7668000 	C:\WINDOWS\System32\shcore.dll
0x00007fffa6750000 - 0x00007fffa6ecb000 	C:\WINDOWS\System32\windows.storage.dll
0x00007fffa6300000 - 0x00007fffa631e000 	C:\WINDOWS\System32\profapi.dll
0x00007fffa6320000 - 0x00007fffa636a000 	C:\WINDOWS\System32\powrprof.dll
0x00007fffa62f0000 - 0x00007fffa6300000 	C:\WINDOWS\System32\UMPDC.dll
0x00007fffa91c0000 - 0x00007fffa9212000 	C:\WINDOWS\System32\shlwapi.dll
0x00007fffa73d0000 - 0x00007fffa73e7000 	C:\WINDOWS\System32\cryptsp.dll
0x00007fff9e0b0000 - 0x00007fff9e0c9000 	D:\Android Education\Insrtuments\apps\AndroidStudio\ch-0\221.6008.13.2211.9619390\jbr\bin\net.dll
0x00007fff98940000 - 0x00007fff98a3a000 	C:\WINDOWS\SYSTEM32\WINHTTP.dll
0x00007fffa5b30000 - 0x00007fffa5b97000 	C:\WINDOWS\system32\mswsock.dll
0x00007fff9e090000 - 0x00007fff9e0a3000 	D:\Android Education\Insrtuments\apps\AndroidStudio\ch-0\221.6008.13.2211.9619390\jbr\bin\nio.dll

dbghelp: loaded successfully - version: 4.0.5 - missing functions: none
symbol engine: initialized successfully - sym options: 0x614 - pdb path: .;D:\Android Education\Insrtuments\apps\AndroidStudio\ch-0\221.6008.13.2211.9619390\jbr\bin;C:\WINDOWS\SYSTEM32;C:\WINDOWS\WinSxS\amd64_microsoft.windows.common-controls_6595b64144ccf1df_6.0.18362.1556_none_9e7e372fe45e41d5;D:\Android Education\Insrtuments\apps\AndroidStudio\ch-0\221.6008.13.2211.9619390\jbr\bin\server

VM Arguments:
java_command: org.jetbrains.kotlin.cli.jvm.K2JVMCompiler @C:\Users\Poklip\AndroidStudioProjects\WInfo\app\build\20230301_483606869370344747.compiler.options
java_class_path (initial): C:\Users\Poklip\.gradle\caches\modules-2\files-2.1\org.jetbrains.kotlin\kotlin-compiler-embeddable\1.7.21\a36688d6a38ea94ac3fce84e198ea2cb6c6a8e88\kotlin-compiler-embeddable-1.7.21.jar;C:\Users\Poklip\.gradle\caches\modules-2\files-2.1\org.jetbrains.kotlin\kotlin-reflect\1.7.21\ad6d09bc4db0eab1069112eea8ebea0be7be44f\kotlin-reflect-1.7.21.jar;C:\Users\Poklip\.gradle\caches\modules-2\files-2.1\org.jetbrains.kotlin\kotlin-stdlib\1.7.21\1a2eaf898a0dda83037034b10a42053cf8a7caf8\kotlin-stdlib-1.7.21.jar;C:\Users\Poklip\.gradle\caches\modules-2\files-2.1\org.jetbrains.kotlin\kotlin-script-runtime\1.7.21\b06d5c58297dccce2a0f69b0636804b0a73b3b9\kotlin-script-runtime-1.7.21.jar;C:\Users\Poklip\.gradle\caches\modules-2\files-2.1\org.jetbrains.kotlin\kotlin-daemon-embeddable\1.7.21\b94818f660cc50f5d39f04b6396ac38e4d3a9eb7\kotlin-daemon-embeddable-1.7.21.jar;C:\Users\Poklip\.gradle\caches\modules-2\files-2.1\org.jetbrains.intellij.deps\trove4j\1.0.20200330\3afb14d5f9ceb459d724e907a21145e8ff394f02\trove4j-1.0.20200330.jar;C:\Users\Poklip\.gradle\caches\modules-2\files-2.1\net.java.dev.jna\jna\5.6.0\330f2244e9030119ab3030fc3fededc86713d9cc\jna-5.6.0.jar;C:\Users\Poklip\.gradle\caches\modules-2\files-2.1\org.jetbrains.kotlin\kotlin-stdlib-common\1.7.21\cb02257de8e13e8498f8e2f69f742f2d438e794d\kotlin-stdlib-common-1.7.21.jar;C:\Users\Poklip\.gradle\caches\modules-2\files-2.1\org.jetbrains\annotations\13.0\919f0dfe192fb4e063e7dacadee7f8bb9a2672a9\annotations-13.0.jar
Launcher Type: SUN_STANDARD

[Global flags]
     intx CICompilerCount                          = 3                                         {product} {ergonomic}
     uint ConcGCThreads                            = 2                                         {product} {ergonomic}
     uint G1ConcRefinementThreads                  = 6                                         {product} {ergonomic}
   size_t G1HeapRegionSize                         = 1048576                                   {product} {ergonomic}
    uintx GCDrainStackTargetSize                   = 64                                        {product} {ergonomic}
   size_t InitialHeapSize                          = 268435456                                 {product} {ergonomic}
   size_t MarkStackSize                            = 4194304                                   {product} {ergonomic}
   size_t MaxHeapSize                              = 4278190080                                {product} {ergonomic}
   size_t MaxNewSize                               = 2566914048                                {product} {ergonomic}
   size_t MinHeapDeltaBytes                        = 1048576                                   {product} {ergonomic}
    uintx NonNMethodCodeHeapSize                   = 5830732                                {pd product} {ergonomic}
    uintx NonProfiledCodeHeapSize                  = 122913754                              {pd product} {ergonomic}
    uintx ProfiledCodeHeapSize                     = 122913754                              {pd product} {ergonomic}
    uintx ReservedCodeCacheSize                    = 251658240                              {pd product} {ergonomic}
     bool SegmentedCodeCache                       = true                                      {product} {ergonomic}
     bool UseCompressedClassPointers               = true                                 {lp64_product} {ergonomic}
     bool UseCompressedOops                        = true                                 {lp64_product} {ergonomic}
     bool UseG1GC                                  = true                                      {product} {ergonomic}
     bool UseLargePagesIndividualAllocation        = false                                  {pd product} {ergonomic}

Logging:
Log output configuration:
 #0: stdout all=warning uptime,level,tags
 #1: stderr all=off uptime,level,tags

Environment Variables:
PATH=C:\Program Files\Python38\Scripts\;C:\Program Files\Python38\;C:\Program Files (x86)\Common Files\Oracle\Java\javapath;C:\WINDOWS\system32;C:\WINDOWS;C:\WINDOWS\System32\Wbem;C:\WINDOWS\System32\WindowsPowerShell\v1.0\;C:\Program Files (x86)\ATI Technologies\ATI.ACE\Core-Static;C:\WINDOWS\System32\OpenSSH\;C:\Program Files (x86)\AMD\ATI.ACE\Core-Static;C:\WINDOWS\system32;C:\WINDOWS;C:\WINDOWS\System32\Wbem;C:\WINDOWS\System32\WindowsPowerShell\v1.0\;C:\WINDOWS\System32\OpenSSH\;C:\Program Files (x86)\NVIDIA Corporation\PhysX\Common;C:\Program Files\Microsoft SQL Server\130\Tools\Binn\;C:\Program Files\NVIDIA Corporation\NVIDIA NvDLISR;C:\Program Files\Git\cmd;C:\Users\Poklip\miniconda3;C:\Users\Poklip\miniconda3\Library\mingw-w64\bin;C:\Users\Poklip\miniconda3\Library\usr\bin;C:\Users\Poklip\miniconda3\Library\bin;C:\Users\Poklip\miniconda3\Scripts;C:\Users\Poklip\AppData\Local\Microsoft\WindowsApps;C:\Program Files\JetBrains\PyCharm Community Edition 2020.3.4\bin;C:\Users\Poklip\AppData\Local\JetBrains\Toolbox\scripts
USERNAME=Poklip
OS=Windows_NT
PROCESSOR_IDENTIFIER=AMD64 Family 23 Model 113 Stepping 0, AuthenticAMD



---------------  S Y S T E M  ---------------

OS: Windows 10 , 64 bit Build 18362 (10.0.18362.1500)
OS uptime: 1 days 22:15 hours

CPU:total 6 (initial active 6) (6 cores per cpu, 1 threads per core) family 23 model 113 stepping 0 microcode 0x0, cmov, cx8, fxsr, mmx, sse, sse2, sse3, ssse3, sse4.1, sse4.2, popcnt, avx, avx2, aes, clmul, mmxext, 3dnowpref, lzcnt, sse4a, tsc, tscinvbit, tscinv, bmi1, bmi2, adx, sha, fma

Memory: 4k page, system-wide physical 16313M (3652M free)
TotalPageFile size 21433M (AvailPageFile size 0M)
current process WorkingSet (physical memory assigned to process): 116M, peak: 116M
current process commit charge ("private bytes"): 366M, peak: 366M

vm_info: OpenJDK 64-Bit Server VM (11.0.15+0-b2043.56-9505619) for windows-amd64 JRE (11.0.15+0-b2043.56-9505619), built on Jan 19 2023 02:48:00 by "builduser" with unknown MS VC++:1929

END.
